[INFO ] 2025-03-03 22:57:41.927 [main] Demolog4J - This isfor getting information
[WARN ] 2025-03-03 22:57:41.935 [main] Demolog4J - This is a warn message
[ERROR] 2025-03-03 22:57:41.936 [main] Demolog4J - This is error message
[FATAL] 2025-03-03 22:57:41.936 [main] Demolog4J - This is a fatal message
[INFO ] 2025-03-03 23:11:03.221 [main] Demolog4J - Chrome browser starting...
[INFO ] 2025-03-03 23:11:11.061 [main] Demolog4J - Application launched...
[INFO ] 2025-03-03 23:11:11.063 [main] Demolog4J - Logged into Facebook...
[INFO ] 2025-03-03 23:11:17.181 [main] Demolog4J - Quitting the driver
[INFO ] 2025-03-03 23:11:41.963 [main] Demolog4J - Chrome browser starting...
[INFO ] 2025-03-03 23:11:48.561 [main] Demolog4J - Application launched...
[INFO ] 2025-03-03 23:11:48.561 [main] Demolog4J - Logged into Facebook...
[ERROR] 2025-03-03 23:11:58.681 [main] Demolog4J - Exception occured
java.lang.Exception: Element Not Found
	at mar4.Demolog4J.main(Demolog4J.java:44) [test-classes/:?]
[INFO ] 2025-03-03 23:11:59.266 [main] Demolog4J - Quitting the driver
[INFO ] 2025-03-03 23:12:13.184 [main] Demolog4J - Chrome browser starting...
[INFO ] 2025-03-03 23:12:20.102 [main] Demolog4J - Application launched...
[INFO ] 2025-03-03 23:12:20.102 [main] Demolog4J - Logged into Facebook...
[ERROR] 2025-03-03 23:12:30.259 [main] Demolog4J - Exception occured
java.lang.Exception: Element Not Found
	at mar4.Demolog4J.main(Demolog4J.java:44) [test-classes/:?]
[INFO ] 2025-03-03 23:12:30.782 [main] Demolog4J - Quitting the driver
[INFO ] 2025-03-03 23:18:11.842 [main] Demolog4J - Chrome browser starting...
[INFO ] 2025-03-03 23:18:21.385 [main] Demolog4J - Application launched...
[INFO ] 2025-03-03 23:18:22.110 [main] Demolog4J - Logged into Facebook...
[INFO ] 2025-03-03 23:18:22.932 [main] Demolog4J - Quitting the driver
[INFO ] 2025-03-04 12:50:49.655 [main] Demolog4J - Chrome browser starting...
[INFO ] 2025-03-04 12:50:56.686 [main] Demolog4J - Application launched...
[INFO ] 2025-03-04 12:50:57.579 [main] Demolog4J - Logged into Facebook...
[INFO ] 2025-03-04 12:50:58.121 [main] Demolog4J - Quitting the driver
[INFO ] 2025-03-04 12:52:05.136 [main] Demolog4J - Chrome browser starting...
[INFO ] 2025-03-04 12:52:12.183 [main] Demolog4J - Application launched...
[INFO ] 2025-03-04 12:52:13.138 [main] Demolog4J - Logged into Facebook...
[INFO ] 2025-03-04 12:52:13.246 [main] Demolog4J - Quitting the driver
[INFO ] 2025-03-04 12:53:32.523 [main] Demolog4J - Chrome browser starting...
[INFO ] 2025-03-04 12:53:39.610 [main] Demolog4J - Application launched...
[INFO ] 2025-03-04 12:53:40.556 [main] Demolog4J - Logged into Facebook...
[INFO ] 2025-03-04 12:53:41.149 [main] Demolog4J - Quitting the driver
[INFO ] 2025-03-04 14:15:43.644 [main] Demolog4J - Chrome browser starting...
[INFO ] 2025-03-04 14:15:52.983 [main] Demolog4J - Application launched.. 
[INFO ] 2025-03-04 14:15:52.986 [main] Demolog4J - Application launched...
[INFO ] 2025-03-04 14:15:53.339 [main] Demolog4J - Logged into Facebook...
[INFO ] 2025-03-04 14:15:53.948 [main] Demolog4J - Quitting the driver
[INFO ] 2025-03-04 15:11:42.115 [main] Demolog4J - Chrome browser starting...
[INFO ] 2025-03-04 15:11:50.660 [main] Demolog4J - Application launched.. 
[INFO ] 2025-03-04 15:11:50.660 [main] Demolog4J - Application launched...
[INFO ] 2025-03-04 15:11:51.073 [main] Demolog4J - Logged into Facebook...
[INFO ] 2025-03-04 15:11:51.565 [main] Demolog4J - Quitting the driver
